{"devicePlatform":"","logFolder":"C:\\Users\\smaniiyer\\Katalon Studio\\02_PEP_S1174\\Reports\\UAT\\20180725_195603","runData":{"hostName":"smaniiyer - pVDPERVM019.triaddigital.local","os":"Windows 8.1 64bit","katalonVersion":"5.4.2.1","browser":"Firefox 54.0","hostAddress":"10.2.70.215","sessionId":"ee44bf0c-270d-4fb7-b3c7-7a898a2d8c11","seleniumVersion":"3.7.1","proxyInformation":"ProxyInformation{proxyOption\u003dNO_PROXY, proxyServerType\u003dHTTP, password\u003d, proxyServerAddress\u003d, proxyServerPort\u003d0}","platform":"Windows 8.1"},"type":"TEST_SUITE","name":"UAT","id":"Test Suites/UAT","source":"","message":"Test Cases/regression FAILED because (of) groovy.lang.MissingMethodException: No signature of method: static com.kms.katalon.core.webui.keyword.WebUiBuiltInKeywords.verifyElementVisible() is applicable for argument types: (com.kms.katalon.core.testobject.TestObject, java.lang.Integer, com.kms.katalon.core.model.FailureHandling) values: [TestObject - \u0027Object Repository/spy_PageSave-with-Club-Pickup/div_get rewarded\u0027, ...]\nPossible solutions: verifyElementVisible(com.kms.katalon.core.testobject.TestObject, com.kms.katalon.core.model.FailureHandling), verifyElementVisible(com.kms.katalon.core.testobject.TestObject), verifyElementNotVisible(com.kms.katalon.core.testobject.TestObject, com.kms.katalon.core.model.FailureHandling), verifyElementNotVisible(com.kms.katalon.core.testobject.TestObject)","description":"","startTime":1532528769829,"endTime":1532528807125,"childRecords":[{"isOptional":false,"type":"TEST_CASE","name":"Test Cases/regression","id":"Test Cases/regression","source":"C:\\\\Users\\\\smaniiyer\\\\Katalon Studio\\\\02_PEP_S1174\\\\Test Cases\\\\regression.tc","message":"Test Cases/regression FAILED because (of) groovy.lang.MissingMethodException: No signature of method: static com.kms.katalon.core.webui.keyword.WebUiBuiltInKeywords.verifyElementVisible() is applicable for argument types: (com.kms.katalon.core.testobject.TestObject, java.lang.Integer, com.kms.katalon.core.model.FailureHandling) values: [TestObject - \u0027Object Repository/spy_PageSave-with-Club-Pickup/div_get rewarded\u0027, ...]\nPossible solutions: verifyElementVisible(com.kms.katalon.core.testobject.TestObject, com.kms.katalon.core.model.FailureHandling), verifyElementVisible(com.kms.katalon.core.testobject.TestObject), verifyElementNotVisible(com.kms.katalon.core.testobject.TestObject, com.kms.katalon.core.model.FailureHandling), verifyElementNotVisible(com.kms.katalon.core.testobject.TestObject)","description":"","startTime":1532528771350,"endTime":1532528805993,"childRecords":[{"testStatus":{"stackTrace":"","statusValue":"INFO"},"type":"MESSAGE","name":"","message":"Evaluating variables for test case","startTime":1532528771427,"endTime":0,"childRecords":[],"interuppted":false},{"index":1,"isIgnoredIfFailed":false,"type":"TEST_STEP","name":"openBrowser","message":"Browser is opened with url: \u0027\u0027","description":"","startTime":1532528772108,"endTime":1532528802051,"childRecords":[{"testStatus":{"stackTrace":"","statusValue":"PASSED"},"type":"MESSAGE","name":"","message":"Browser is opened with url: \u0027\u0027","startTime":1532528802049,"endTime":0,"childRecords":[],"interuppted":false}],"interuppted":false},{"index":2,"isIgnoredIfFailed":false,"type":"TEST_STEP","name":"navigateToUrl","message":"Navigate to \u0027https://staging-samsclub.triadretail.net/Featured-Brand/Pepsi/Save-with-Club-Pickup/\u0027 successfully","description":"","startTime":1532528802051,"endTime":1532528805695,"childRecords":[{"testStatus":{"stackTrace":"","statusValue":"PASSED"},"type":"MESSAGE","name":"","message":"Navigate to \u0027https://staging-samsclub.triadretail.net/Featured-Brand/Pepsi/Save-with-Club-Pickup/\u0027 successfully","startTime":1532528805693,"endTime":0,"childRecords":[],"interuppted":false}],"interuppted":false},{"index":3,"isIgnoredIfFailed":false,"type":"TEST_STEP","name":"maximizeWindow","message":"Current window maximized","description":"","startTime":1532528805696,"endTime":1532528805761,"childRecords":[{"testStatus":{"stackTrace":"","statusValue":"PASSED"},"type":"MESSAGE","name":"","message":"Current window maximized","startTime":1532528805759,"endTime":0,"childRecords":[],"interuppted":false}],"interuppted":false},{"index":4,"isIgnoredIfFailed":false,"type":"TEST_STEP","name":"verifyElementVisible","message":"Finding Test Object with id \u0027Object Repository/spy_PageSave-with-Club-Pickup/div_get rewarded\u0027","description":"","startTime":1532528805761,"endTime":1532528805796,"childRecords":[],"interuppted":false},{"testStatus":{"stackTrace":"","statusValue":"ERROR"},"type":"MESSAGE","name":"","message":"Test Cases/regression FAILED because (of) groovy.lang.MissingMethodException: No signature of method: static com.kms.katalon.core.webui.keyword.WebUiBuiltInKeywords.verifyElementVisible() is applicable for argument types: (com.kms.katalon.core.testobject.TestObject, java.lang.Integer, com.kms.katalon.core.model.FailureHandling) values: [TestObject - \u0027Object Repository/spy_PageSave-with-Club-Pickup/div_get rewarded\u0027, ...]\nPossible solutions: verifyElementVisible(com.kms.katalon.core.testobject.TestObject, com.kms.katalon.core.model.FailureHandling), verifyElementVisible(com.kms.katalon.core.testobject.TestObject), verifyElementNotVisible(com.kms.katalon.core.testobject.TestObject, com.kms.katalon.core.model.FailureHandling), verifyElementNotVisible(com.kms.katalon.core.testobject.TestObject)","startTime":1532528805872,"endTime":0,"childRecords":[],"interuppted":false}],"interuppted":false}],"interuppted":false}